TN:
SF:/Users/thomaslecomte/projets/learning/babel-box/babel-box-front/src/polyfills.ts
FNF:0
FNH:0
LF:0
LH:0
BRF:0
BRH:0
end_of_record
TN:
SF:/Users/thomaslecomte/projets/learning/babel-box/babel-box-front/src/test.ts
FNF:0
FNH:0
DA:13,1
DA:18,1
DA:20,1
LF:3
LH:3
BRF:0
BRH:0
end_of_record
TN:
SF:/Users/thomaslecomte/projets/learning/babel-box/babel-box-front/src/app/app-routing.module.ts
FN:10,(anonymous_1)
FNF:1
FNH:1
FNDA:2,(anonymous_1)
DA:4,1
DA:10,1
LF:2
LH:2
BRF:0
BRH:0
end_of_record
TN:
SF:/Users/thomaslecomte/projets/learning/babel-box/babel-box-front/src/app/app.component.ts
FN:8,(anonymous_1)
FN:3,AppComponent
FNF:2
FNH:2
FNDA:1,(anonymous_1)
FNDA:1,AppComponent
DA:8,1
DA:9,1
DA:10,1
LF:3
LH:3
BRF:0
BRH:0
end_of_record
TN:
SF:/Users/thomaslecomte/projets/learning/babel-box/babel-box-front/src/app/app.module.ts
FN:20,(anonymous_1)
FNF:1
FNH:1
FNDA:2,(anonymous_1)
DA:20,1
LF:1
LH:1
BRF:0
BRH:0
end_of_record
TN:
SF:/Users/thomaslecomte/projets/learning/babel-box/babel-box-front/src/app/search/search.module.ts
FN:16,(anonymous_1)
FNF:1
FNH:1
FNDA:4,(anonymous_1)
DA:16,1
LF:1
LH:1
BRF:0
BRH:0
end_of_record
TN:
SF:/Users/thomaslecomte/projets/learning/babel-box/babel-box-front/src/app/search/search-input/search-input.component.ts
FN:9,(anonymous_2)
FN:14,SearchInputComponent
FN:16,(anonymous_4)
FN:19,(anonymous_5)
FN:21,(anonymous_6)
FNF:5
FNH:5
FNDA:1,(anonymous_2)
FNDA:3,SearchInputComponent
FNDA:2,(anonymous_4)
FNDA:1,(anonymous_5)
FNDA:1,(anonymous_6)
DA:9,1
DA:12,4
DA:14,3
DA:16,1
DA:19,1
DA:20,1
DA:22,1
DA:25,1
LF:8
LH:8
BRF:0
BRH:0
end_of_record
TN:
SF:/Users/thomaslecomte/projets/learning/babel-box/babel-box-front/src/app/search/services/search.service.ts
FN:5,(anonymous_2)
FN:7,SearchService
FN:9,(anonymous_4)
FNF:3
FNH:2
FNDA:1,(anonymous_2)
FNDA:4,SearchService
FNDA:0,(anonymous_4)
DA:5,1
DA:9,1
DA:10,0
DA:12,1
LF:4
LH:3
BRF:0
BRH:0
end_of_record
